--------------- Build Started: 01/29/2020 15:11:59 Project: IoT_Generic_DAQ, Configuration: ARM GCC 5.4-2016-q2-update Debug ---------------
cydsfit.exe -.appdatapath "C:\Users\stijn\AppData\Local\Cypress Semiconductor\PSoC Creator\4.2" -.fdsnotice -.fdswarpdepfile=warp_dependencies.txt -.fdselabdepfile=elab_dependencies.txt -.fdsbldfile=generated_files.txt -.fdsreffile=referenced_files.txt -p "C:\Users\stijn\Dropbox\Work\PhD\Projects\PSoC Creator\Data Acquisition\IoT_Generic_DAQ.cydsn\IoT_Generic_DAQ.cyprj" -d CY8C6347BZI-BLD53 -s "C:\Users\stijn\Dropbox\Work\PhD\Projects\PSoC Creator\Data Acquisition\IoT_Generic_DAQ.cydsn\Generated_Source\PSoC6" -- -yv2 -q10 -ygs -o2 -v3 -.fftcfgtype=LE
Elaborating Design...
HDL Generation...
Synthesis...
Tech Mapping...
Info: plm.M0038: The pin named CY_CPUSS_SWJ_SWCLK_TCLK(0) at location P6[7] prevents usage of special purposes: TCPWM[3].line_compl. (App=cydsfit)
Info: plm.M0038: The pin named CY_CPUSS_SWJ_SWCLK_TCLK(0) at location P6[7] prevents usage of special purposes: TCPWM[19].line_compl. (App=cydsfit)
Info: plm.M0038: The pin named CY_CPUSS_SWJ_SWCLK_TCLK(0) at location P6[7] prevents usage of special purposes: SCB[6].uart_cts. (App=cydsfit)
Info: plm.M0038: The pin named CY_CPUSS_SWJ_SWCLK_TCLK(0) at location P6[7] prevents usage of special purposes: SCB[6].spi_select[0]. (App=cydsfit)
Info: plm.M0038: The pin named CY_CPUSS_SWJ_SWCLK_TCLK(0) at location P6[7] prevents usage of special purposes: SCB[8].spi_select[0]. (App=cydsfit)
Info: plm.M0038: The pin named CY_CPUSS_SWJ_SWDIO_TMS(0) at location P6[6] prevents usage of special purposes: TCPWM[3].line. (App=cydsfit)
Info: plm.M0038: The pin named CY_CPUSS_SWJ_SWDIO_TMS(0) at location P6[6] prevents usage of special purposes: TCPWM[19].line. (App=cydsfit)
Info: plm.M0038: The pin named CY_CPUSS_SWJ_SWDIO_TMS(0) at location P6[6] prevents usage of special purposes: SCB[6].uart_rts. (App=cydsfit)
Info: plm.M0038: The pin named CY_CPUSS_SWJ_SWDIO_TMS(0) at location P6[6] prevents usage of special purposes: SCB[6].spi_clk. (App=cydsfit)
Info: plm.M0038: The pin named CY_CPUSS_SWJ_SWDIO_TMS(0) at location P6[6] prevents usage of special purposes: SCB[8].spi_clk. (App=cydsfit)
Analog Placement...
Analog Routing...
Analog Code Generation...
Digital Placement...
Digital Routing...
Bitstream Generation...
Bitstream Verification...
Static timing analysis...
Warning: sta.M0021: IoT_Generic_DAQ_timing.html: Warning-1350: Asynchronous path(s) exist from "SRClk_App" to "CyClk_Peri". See the timing report for details. (File=C:\Users\stijn\Dropbox\Work\PhD\Projects\PSoC Creator\Data Acquisition\IoT_Generic_DAQ.cydsn\IoT_Generic_DAQ_timing.html)
API Generation...
Dependency Generation...
Cleanup...
arm-none-eabi-gcc.exe -mcpu=cortex-m0plus -mthumb -I. -IGenerated_Source\PSoC6 -IGenerated_Source\PSoC6\pdl\cmsis/include/ -IGenerated_Source\PSoC6\pdl\devices/psoc6/include/ -IGenerated_Source\PSoC6\pdl\devices/psoc6/include/ip/ -IGenerated_Source\PSoC6\pdl\drivers/peripheral/ -IGenerated_Source\PSoC6\pdl\drivers/peripheral/device/ -IGenerated_Source\PSoC6\pdl\drivers/peripheral/dma/ -IGenerated_Source\PSoC6\pdl\drivers/peripheral/efuse/ -IGenerated_Source\PSoC6\pdl\drivers/peripheral/flash/ -IGenerated_Source\PSoC6\pdl\drivers/peripheral/gpio/ -IGenerated_Source\PSoC6\pdl\drivers/peripheral/ipc/ -IGenerated_Source\PSoC6\pdl\drivers/peripheral/lvd/ -IGenerated_Source\PSoC6\pdl\drivers/peripheral/profile/ -IGenerated_Source\PSoC6\pdl\drivers/peripheral/prot/ -IGenerated_Source\PSoC6\pdl\drivers/peripheral/sar/ -IGenerated_Source\PSoC6\pdl\drivers/peripheral/scb/ -IGenerated_Source\PSoC6\pdl\drivers/peripheral/sysanalog/ -IGenerated_Source\PSoC6\pdl\drivers/peripheral/sysclk/ -IGenerated_Source\PSoC6\pdl\drivers/peripheral/sysint/ -IGenerated_Source\PSoC6\pdl\drivers/peripheral/syslib/ -IGenerated_Source\PSoC6\pdl\drivers/peripheral/syspm/ -IGenerated_Source\PSoC6\pdl\drivers/peripheral/systick/ -IGenerated_Source\PSoC6\pdl\drivers/peripheral/tcpwm/ -IGenerated_Source\PSoC6\pdl\drivers/peripheral/trigmux/ -IGenerated_Source\PSoC6\pdl\drivers/peripheral/wdt/ -IGenerated_Source\PSoC6\pdl\middleware/ -IGenerated_Source\PSoC6\pdl\rtos/FreeRTOS/10.0.1/Source/include/ -IGenerated_Source\PSoC6\pdl\rtos/FreeRTOS/10.0.1/Source/portable/GCC/CM4F/ -IGenerated_Source\PSoC6\pdl\utilities/ -Wa,-alh=.\CortexM0p\ARM_GCC_541\Debug/UARTDMA.lst -g -D DEBUG -D CY_CORE_ID=0 -D CY_PSOC_CREATOR_USED=1 -D CY8C6347BZI_BLD53 -Wall -ffunction-sections -ffat-lto-objects -Og -c Generated_Source\PSoC6\UARTDMA.c -o .\CortexM0p\ARM_GCC_541\Debug\UARTDMA.o
arm-none-eabi-gcc.exe -Wl,--start-group -o "C:\Users\stijn\Dropbox\Work\PhD\Projects\PSoC Creator\Data Acquisition\IoT_Generic_DAQ.cydsn\CortexM0p\ARM_GCC_541\Debug\IoT_Generic_DAQ_link.elf" .\CortexM0p\ARM_GCC_541\Debug\startup_psoc6_01_cm0plus.o .\CortexM0p\ARM_GCC_541\Debug\main_cm0p.o .\CortexM0p\ARM_GCC_541\Debug\system_psoc6_cm0plus.o .\CortexM0p\ARM_GCC_541\Debug\stdio_user.o .\CortexM0p\ARM_GCC_541\Debug\cyfitter_sysint_cfg.o .\CortexM0p\ARM_GCC_541\Debug\cyfitter_cfg.o .\CortexM0p\ARM_GCC_541\Debug\cymetadata.o .\CortexM0p\ARM_GCC_541\Debug\cy_efuse.o .\CortexM0p\ARM_GCC_541\Debug\cy_flash.o .\CortexM0p\ARM_GCC_541\Debug\cy_gpio.o .\CortexM0p\ARM_GCC_541\Debug\cy_ipc_drv.o .\CortexM0p\ARM_GCC_541\Debug\cy_ipc_sema.o .\CortexM0p\ARM_GCC_541\Debug\cy_ipc_pipe.o .\CortexM0p\ARM_GCC_541\Debug\cy_lvd.o .\CortexM0p\ARM_GCC_541\Debug\cy_profile.o .\CortexM0p\ARM_GCC_541\Debug\cy_prot.o .\CortexM0p\ARM_GCC_541\Debug\cy_sysanalog.o .\CortexM0p\ARM_GCC_541\Debug\cy_sysclk.o .\CortexM0p\ARM_GCC_541\Debug\cy_sysint.o .\CortexM0p\ARM_GCC_541\Debug\cy_syslib.o .\CortexM0p\ARM_GCC_541\Debug\cy_syslib_gcc.o .\CortexM0p\ARM_GCC_541\Debug\cy_syspm.o .\CortexM0p\ARM_GCC_541\Debug\cy_systick.o .\CortexM0p\ARM_GCC_541\Debug\cy_trigmux.o .\CortexM0p\ARM_GCC_541\Debug\cy_wdt.o .\CortexM0p\ARM_GCC_541\Debug\cy_device.o .\CortexM0p\ARM_GCC_541\Debug\cy_sar.o .\CortexM0p\ARM_GCC_541\Debug\cy_scb_common.o .\CortexM0p\ARM_GCC_541\Debug\cy_scb_i2c.o .\CortexM0p\ARM_GCC_541\Debug\cy_scb_ezi2c.o .\CortexM0p\ARM_GCC_541\Debug\cy_scb_spi.o .\CortexM0p\ARM_GCC_541\Debug\cy_scb_uart.o .\CortexM0p\ARM_GCC_541\Debug\cy_dma.o .\CortexM0p\ARM_GCC_541\Debug\cy_tcpwm_counter.o .\CortexM0p\ARM_GCC_541\Debug\cy_tcpwm_pwm.o .\CortexM0p\ARM_GCC_541\Debug\cy_tcpwm_quaddec.o .\CortexM0p\ARM_GCC_541\Debug\cy_ble_clk.o .\CortexM0p\ARM_GCC_541\Debug\retarget.o .\CortexM0p\ARM_GCC_541\Debug\ADC.o .\CortexM0p\ARM_GCC_541\Debug\ADC_INT.o .\CortexM0p\ARM_GCC_541\Debug\ADC_INIT.o .\CortexM0p\ARM_GCC_541\Debug\ADC_PM.o .\CortexM0p\ARM_GCC_541\Debug\UART.o .\CortexM0p\ARM_GCC_541\Debug\mI2C.o .\CortexM0p\ARM_GCC_541\Debug\cyfitter_amux.o .\CortexM0p\ARM_GCC_541\Debug\ADCSOCCounter.o .\CortexM0p\ARM_GCC_541\Debug\ADCDMA_0.o .\CortexM0p\ARM_GCC_541\Debug\ADCDMA_1.o .\CortexM0p\ARM_GCC_541\Debug\ADCDMA_2.o .\CortexM0p\ARM_GCC_541\Debug\ADCDMA_3.o .\CortexM0p\ARM_GCC_541\Debug\UARTDMA.o .\CortexM0p\ARM_GCC_541\Debug\T1.o .\CortexM0p\ARM_GCC_541\Debug\T0.o .\CortexM0p\ARM_GCC_541\Debug\T3.o .\CortexM0p\ARM_GCC_541\Debug\T2.o .\CortexM0p\ARM_GCC_541\Debug\I2CDMA.o -mcpu=cortex-m0plus -mthumb -L Generated_Source\PSoC6 -Wl,-Map,.\CortexM0p\ARM_GCC_541\Debug/IoT_Generic_DAQ.map -T cy8c6xx7_cm0plus.ld -specs=nano.specs -Wl,--gc-sections -g -ffunction-sections -Og -ffat-lto-objects -Wl,--end-group
"C:\Program Files (x86)\Cypress\PDL\3.1.0\tools\win\elf\cymcuelftool.exe" --sign "C:\Users\stijn\Dropbox\Work\PhD\Projects\PSoC Creator\Data Acquisition\IoT_Generic_DAQ.cydsn\CortexM0p\ARM_GCC_541\Debug\IoT_Generic_DAQ_link.elf" --output "C:\Users\stijn\Dropbox\Work\PhD\Projects\PSoC Creator\Data Acquisition\IoT_Generic_DAQ.cydsn\CortexM0p\ARM_GCC_541\Debug\IoT_Generic_DAQ.elf" --hex "C:\Users\stijn\Dropbox\Work\PhD\Projects\PSoC Creator\Data Acquisition\IoT_Generic_DAQ.cydsn\CortexM0p\ARM_GCC_541\Debug\IoT_Generic_DAQ.hex"
No ELF section .cychecksum found, creating one
Application checksum calculated and stored in ELF section .cychecksum
Checksum calculated and stored in ELF section .cymeta
arm-none-eabi-gcc.exe -mcpu=cortex-m4 -mfloat-abi=softfp -mfpu=fpv4-sp-d16 -mthumb -I. -IGenerated_Source\PSoC6 -IGenerated_Source\PSoC6\pdl\cmsis/include/ -IGenerated_Source\PSoC6\pdl\devices/psoc6/include/ -IGenerated_Source\PSoC6\pdl\devices/psoc6/include/ip/ -IGenerated_Source\PSoC6\pdl\drivers/peripheral/ -IGenerated_Source\PSoC6\pdl\drivers/peripheral/device/ -IGenerated_Source\PSoC6\pdl\drivers/peripheral/dma/ -IGenerated_Source\PSoC6\pdl\drivers/peripheral/efuse/ -IGenerated_Source\PSoC6\pdl\drivers/peripheral/flash/ -IGenerated_Source\PSoC6\pdl\drivers/peripheral/gpio/ -IGenerated_Source\PSoC6\pdl\drivers/peripheral/ipc/ -IGenerated_Source\PSoC6\pdl\drivers/peripheral/lvd/ -IGenerated_Source\PSoC6\pdl\drivers/peripheral/profile/ -IGenerated_Source\PSoC6\pdl\drivers/peripheral/prot/ -IGenerated_Source\PSoC6\pdl\drivers/peripheral/sar/ -IGenerated_Source\PSoC6\pdl\drivers/peripheral/scb/ -IGenerated_Source\PSoC6\pdl\drivers/peripheral/sysanalog/ -IGenerated_Source\PSoC6\pdl\drivers/peripheral/sysclk/ -IGenerated_Source\PSoC6\pdl\drivers/peripheral/sysint/ -IGenerated_Source\PSoC6\pdl\drivers/peripheral/syslib/ -IGenerated_Source\PSoC6\pdl\drivers/peripheral/syspm/ -IGenerated_Source\PSoC6\pdl\drivers/peripheral/systick/ -IGenerated_Source\PSoC6\pdl\drivers/peripheral/tcpwm/ -IGenerated_Source\PSoC6\pdl\drivers/peripheral/trigmux/ -IGenerated_Source\PSoC6\pdl\drivers/peripheral/wdt/ -IGenerated_Source\PSoC6\pdl\middleware/ -IGenerated_Source\PSoC6\pdl\rtos/FreeRTOS/10.0.1/Source/include/ -IGenerated_Source\PSoC6\pdl\rtos/FreeRTOS/10.0.1/Source/portable/GCC/CM4F/ -IGenerated_Source\PSoC6\pdl\utilities/ -Wa,-alh=.\CortexM4\ARM_GCC_541\Debug/main_cm4.lst -g -D DEBUG -D CY_CORE_ID=0 -D CY_PSOC_CREATOR_USED=1 -D CY8C6347BZI_BLD53 -Wall -ffunction-sections -ffat-lto-objects -O0 -c main_cm4.c -o .\CortexM4\ARM_GCC_541\Debug\main_cm4.o
In file included from serial.h:24:0,
                 from i2c.h:25,
                 from main_cm4.c:28:
analog.h:40:20: warning: 'result' defined but not used [-Wunused-variable]
     static int16_t result;
                    ^
analog.h:41:20: warning: 'dataReady' defined but not used [-Wunused-variable]
     static uint8_t dataReady;
                    ^
In file included from i2c.h:25:0,
                 from main_cm4.c:28:
serial.h:47:16: warning: 'sensor' defined but not used [-Wunused-variable]
     static int sensor = NONE;
                ^
serial.h:49:17: warning: 'sending' defined but not used [-Wunused-variable]
     static bool sending = false;
                 ^
In file included from main_cm4.c:28:0:
i2c.h:58:17: warning: 'HandleError' declared 'static' but never defined [-Wunused-function]
     static void HandleError(void);
                 ^
arm-none-eabi-gcc.exe -mcpu=cortex-m4 -mfloat-abi=softfp -mfpu=fpv4-sp-d16 -mthumb -I. -IGenerated_Source\PSoC6 -IGenerated_Source\PSoC6\pdl\cmsis/include/ -IGenerated_Source\PSoC6\pdl\devices/psoc6/include/ -IGenerated_Source\PSoC6\pdl\devices/psoc6/include/ip/ -IGenerated_Source\PSoC6\pdl\drivers/peripheral/ -IGenerated_Source\PSoC6\pdl\drivers/peripheral/device/ -IGenerated_Source\PSoC6\pdl\drivers/peripheral/dma/ -IGenerated_Source\PSoC6\pdl\drivers/peripheral/efuse/ -IGenerated_Source\PSoC6\pdl\drivers/peripheral/flash/ -IGenerated_Source\PSoC6\pdl\drivers/peripheral/gpio/ -IGenerated_Source\PSoC6\pdl\drivers/peripheral/ipc/ -IGenerated_Source\PSoC6\pdl\drivers/peripheral/lvd/ -IGenerated_Source\PSoC6\pdl\drivers/peripheral/profile/ -IGenerated_Source\PSoC6\pdl\drivers/peripheral/prot/ -IGenerated_Source\PSoC6\pdl\drivers/peripheral/sar/ -IGenerated_Source\PSoC6\pdl\drivers/peripheral/scb/ -IGenerated_Source\PSoC6\pdl\drivers/peripheral/sysanalog/ -IGenerated_Source\PSoC6\pdl\drivers/peripheral/sysclk/ -IGenerated_Source\PSoC6\pdl\drivers/peripheral/sysint/ -IGenerated_Source\PSoC6\pdl\drivers/peripheral/syslib/ -IGenerated_Source\PSoC6\pdl\drivers/peripheral/syspm/ -IGenerated_Source\PSoC6\pdl\drivers/peripheral/systick/ -IGenerated_Source\PSoC6\pdl\drivers/peripheral/tcpwm/ -IGenerated_Source\PSoC6\pdl\drivers/peripheral/trigmux/ -IGenerated_Source\PSoC6\pdl\drivers/peripheral/wdt/ -IGenerated_Source\PSoC6\pdl\middleware/ -IGenerated_Source\PSoC6\pdl\rtos/FreeRTOS/10.0.1/Source/include/ -IGenerated_Source\PSoC6\pdl\rtos/FreeRTOS/10.0.1/Source/portable/GCC/CM4F/ -IGenerated_Source\PSoC6\pdl\utilities/ -Wa,-alh=.\CortexM4\ARM_GCC_541\Debug/LSM303DLHC.lst -g -D DEBUG -D CY_CORE_ID=0 -D CY_PSOC_CREATOR_USED=1 -D CY8C6347BZI_BLD53 -Wall -ffunction-sections -ffat-lto-objects -O0 -c LSM303DLHC.c -o .\CortexM4\ARM_GCC_541\Debug\LSM303DLHC.o
main_cm4.c:46:12: warning: 'pin0' defined but not used [-Wunused-variable]
 static PIN pin0 = {RED_PIN_PORT, RED_PIN_NUM, RED_PERIOD};
            ^
main_cm4.c:47:12: warning: 'pin1' defined but not used [-Wunused-variable]
 static PIN pin1 = {BLUE_PIN_PORT, BLUE_PIN_NUM, BLUE_PERIOD};
            ^
main_cm4.c:48:12: warning: 'pin2' defined but not used [-Wunused-variable]
 static PIN pin2 = {GREEN_PIN_PORT, GREEN_PIN_NUM, GREEN_PERIOD};
            ^
main_cm4.c:51:11: warning: 'channel0' defined but not used [-Wunused-variable]
 static CH channel0 = {O_0_PORT, O_0_NUM, CHANNEL0_PERIOD, 0};
           ^
main_cm4.c:52:11: warning: 'channel1' defined but not used [-Wunused-variable]
 static CH channel1 = {O_1_PORT, O_1_NUM, CHANNEL1_PERIOD, 1};
           ^
main_cm4.c:53:11: warning: 'channel2' defined but not used [-Wunused-variable]
 static CH channel2 = {O_2_PORT, O_2_NUM, CHANNEL2_PERIOD, 2};
           ^
main_cm4.c:54:11: warning: 'channel3' defined but not used [-Wunused-variable]
 static CH channel3 = {O_3_PORT, O_3_NUM, CHANNEL3_PERIOD, 3};
           ^
In file included from serial.h:24:0,
                 from i2c.h:25,
                 from LSM303DLHC.c:23:
analog.h:40:20: warning: 'result' defined but not used [-Wunused-variable]
     static int16_t result;
                    ^
analog.h:41:20: warning: 'dataReady' defined but not used [-Wunused-variable]
     static uint8_t dataReady;
                    ^
In file included from i2c.h:25:0,
                 from LSM303DLHC.c:23:
serial.h:49:17: warning: 'sending' defined but not used [-Wunused-variable]
     static bool sending = false;
                 ^
In file included from LSM303DLHC.c:23:0:
i2c.h:58:17: warning: 'HandleError' declared 'static' but never defined [-Wunused-function]
     static void HandleError(void);
                 ^
arm-none-eabi-gcc.exe -mcpu=cortex-m4 -mfloat-abi=softfp -mfpu=fpv4-sp-d16 -mthumb -I. -IGenerated_Source\PSoC6 -IGenerated_Source\PSoC6\pdl\cmsis/include/ -IGenerated_Source\PSoC6\pdl\devices/psoc6/include/ -IGenerated_Source\PSoC6\pdl\devices/psoc6/include/ip/ -IGenerated_Source\PSoC6\pdl\drivers/peripheral/ -IGenerated_Source\PSoC6\pdl\drivers/peripheral/device/ -IGenerated_Source\PSoC6\pdl\drivers/peripheral/dma/ -IGenerated_Source\PSoC6\pdl\drivers/peripheral/efuse/ -IGenerated_Source\PSoC6\pdl\drivers/peripheral/flash/ -IGenerated_Source\PSoC6\pdl\drivers/peripheral/gpio/ -IGenerated_Source\PSoC6\pdl\drivers/peripheral/ipc/ -IGenerated_Source\PSoC6\pdl\drivers/peripheral/lvd/ -IGenerated_Source\PSoC6\pdl\drivers/peripheral/profile/ -IGenerated_Source\PSoC6\pdl\drivers/peripheral/prot/ -IGenerated_Source\PSoC6\pdl\drivers/peripheral/sar/ -IGenerated_Source\PSoC6\pdl\drivers/peripheral/scb/ -IGenerated_Source\PSoC6\pdl\drivers/peripheral/sysanalog/ -IGenerated_Source\PSoC6\pdl\drivers/peripheral/sysclk/ -IGenerated_Source\PSoC6\pdl\drivers/peripheral/sysint/ -IGenerated_Source\PSoC6\pdl\drivers/peripheral/syslib/ -IGenerated_Source\PSoC6\pdl\drivers/peripheral/syspm/ -IGenerated_Source\PSoC6\pdl\drivers/peripheral/systick/ -IGenerated_Source\PSoC6\pdl\drivers/peripheral/tcpwm/ -IGenerated_Source\PSoC6\pdl\drivers/peripheral/trigmux/ -IGenerated_Source\PSoC6\pdl\drivers/peripheral/wdt/ -IGenerated_Source\PSoC6\pdl\middleware/ -IGenerated_Source\PSoC6\pdl\rtos/FreeRTOS/10.0.1/Source/include/ -IGenerated_Source\PSoC6\pdl\rtos/FreeRTOS/10.0.1/Source/portable/GCC/CM4F/ -IGenerated_Source\PSoC6\pdl\utilities/ -Wa,-alh=.\CortexM4\ARM_GCC_541\Debug/i2c.lst -g -D DEBUG -D CY_CORE_ID=0 -D CY_PSOC_CREATOR_USED=1 -D CY8C6347BZI_BLD53 -Wall -ffunction-sections -ffat-lto-objects -O0 -c i2c.c -o .\CortexM4\ARM_GCC_541\Debug\i2c.o
In file included from serial.h:24:0,
                 from i2c.h:25,
                 from i2c.c:21:
analog.h:40:20: warning: 'result' defined but not used [-Wunused-variable]
     static int16_t result;
                    ^
analog.h:41:20: warning: 'dataReady' defined but not used [-Wunused-variable]
     static uint8_t dataReady;
                    ^
In file included from i2c.h:25:0,
                 from i2c.c:21:
serial.h:47:16: warning: 'sensor' defined but not used [-Wunused-variable]
     static int sensor = NONE;
                ^
serial.h:49:17: warning: 'sending' defined but not used [-Wunused-variable]
     static bool sending = false;
                 ^
arm-none-eabi-gcc.exe -mcpu=cortex-m4 -mfloat-abi=softfp -mfpu=fpv4-sp-d16 -mthumb -I. -IGenerated_Source\PSoC6 -IGenerated_Source\PSoC6\pdl\cmsis/include/ -IGenerated_Source\PSoC6\pdl\devices/psoc6/include/ -IGenerated_Source\PSoC6\pdl\devices/psoc6/include/ip/ -IGenerated_Source\PSoC6\pdl\drivers/peripheral/ -IGenerated_Source\PSoC6\pdl\drivers/peripheral/device/ -IGenerated_Source\PSoC6\pdl\drivers/peripheral/dma/ -IGenerated_Source\PSoC6\pdl\drivers/peripheral/efuse/ -IGenerated_Source\PSoC6\pdl\drivers/peripheral/flash/ -IGenerated_Source\PSoC6\pdl\drivers/peripheral/gpio/ -IGenerated_Source\PSoC6\pdl\drivers/peripheral/ipc/ -IGenerated_Source\PSoC6\pdl\drivers/peripheral/lvd/ -IGenerated_Source\PSoC6\pdl\drivers/peripheral/profile/ -IGenerated_Source\PSoC6\pdl\drivers/peripheral/prot/ -IGenerated_Source\PSoC6\pdl\drivers/peripheral/sar/ -IGenerated_Source\PSoC6\pdl\drivers/peripheral/scb/ -IGenerated_Source\PSoC6\pdl\drivers/peripheral/sysanalog/ -IGenerated_Source\PSoC6\pdl\drivers/peripheral/sysclk/ -IGenerated_Source\PSoC6\pdl\drivers/peripheral/sysint/ -IGenerated_Source\PSoC6\pdl\drivers/peripheral/syslib/ -IGenerated_Source\PSoC6\pdl\drivers/peripheral/syspm/ -IGenerated_Source\PSoC6\pdl\drivers/peripheral/systick/ -IGenerated_Source\PSoC6\pdl\drivers/peripheral/tcpwm/ -IGenerated_Source\PSoC6\pdl\drivers/peripheral/trigmux/ -IGenerated_Source\PSoC6\pdl\drivers/peripheral/wdt/ -IGenerated_Source\PSoC6\pdl\middleware/ -IGenerated_Source\PSoC6\pdl\rtos/FreeRTOS/10.0.1/Source/include/ -IGenerated_Source\PSoC6\pdl\rtos/FreeRTOS/10.0.1/Source/portable/GCC/CM4F/ -IGenerated_Source\PSoC6\pdl\utilities/ -Wa,-alh=.\CortexM4\ARM_GCC_541\Debug/serial.lst -g -D DEBUG -D CY_CORE_ID=0 -D CY_PSOC_CREATOR_USED=1 -D CY8C6347BZI_BLD53 -Wall -ffunction-sections -ffat-lto-objects -O0 -c serial.c -o .\CortexM4\ARM_GCC_541\Debug\serial.o
serial.c: In function 'UARTTask':
serial.c:39:9: warning: implicit declaration of function 'printf' [-Wimplicit-function-declaration]
         printf("I am alive\r\n");
         ^
serial.c:39:9: warning: incompatible implicit declaration of built-in function 'printf'
serial.c:39:9: note: include '<stdio.h>' or provide a declaration of 'printf'
In file included from serial.h:24:0,
                 from serial.c:21:
serial.c: At top level:
analog.h:40:20: warning: 'result' defined but not used [-Wunused-variable]
     static int16_t result;
                    ^
analog.h:41:20: warning: 'dataReady' defined but not used [-Wunused-variable]
     static uint8_t dataReady;
                    ^
In file included from serial.c:21:0:
serial.h:47:16: warning: 'sensor' defined but not used [-Wunused-variable]
     static int sensor = NONE;
                ^
In file included from serial.c:24:0:
i2c.h:58:17: warning: 'HandleError' declared 'static' but never defined [-Wunused-function]
     static void HandleError(void);
                 ^
arm-none-eabi-gcc.exe -mcpu=cortex-m4 -mfloat-abi=softfp -mfpu=fpv4-sp-d16 -mthumb -I. -IGenerated_Source\PSoC6 -IGenerated_Source\PSoC6\pdl\cmsis/include/ -IGenerated_Source\PSoC6\pdl\devices/psoc6/include/ -IGenerated_Source\PSoC6\pdl\devices/psoc6/include/ip/ -IGenerated_Source\PSoC6\pdl\drivers/peripheral/ -IGenerated_Source\PSoC6\pdl\drivers/peripheral/device/ -IGenerated_Source\PSoC6\pdl\drivers/peripheral/dma/ -IGenerated_Source\PSoC6\pdl\drivers/peripheral/efuse/ -IGenerated_Source\PSoC6\pdl\drivers/peripheral/flash/ -IGenerated_Source\PSoC6\pdl\drivers/peripheral/gpio/ -IGenerated_Source\PSoC6\pdl\drivers/peripheral/ipc/ -IGenerated_Source\PSoC6\pdl\drivers/peripheral/lvd/ -IGenerated_Source\PSoC6\pdl\drivers/peripheral/profile/ -IGenerated_Source\PSoC6\pdl\drivers/peripheral/prot/ -IGenerated_Source\PSoC6\pdl\drivers/peripheral/sar/ -IGenerated_Source\PSoC6\pdl\drivers/peripheral/scb/ -IGenerated_Source\PSoC6\pdl\drivers/peripheral/sysanalog/ -IGenerated_Source\PSoC6\pdl\drivers/peripheral/sysclk/ -IGenerated_Source\PSoC6\pdl\drivers/peripheral/sysint/ -IGenerated_Source\PSoC6\pdl\drivers/peripheral/syslib/ -IGenerated_Source\PSoC6\pdl\drivers/peripheral/syspm/ -IGenerated_Source\PSoC6\pdl\drivers/peripheral/systick/ -IGenerated_Source\PSoC6\pdl\drivers/peripheral/tcpwm/ -IGenerated_Source\PSoC6\pdl\drivers/peripheral/trigmux/ -IGenerated_Source\PSoC6\pdl\drivers/peripheral/wdt/ -IGenerated_Source\PSoC6\pdl\middleware/ -IGenerated_Source\PSoC6\pdl\rtos/FreeRTOS/10.0.1/Source/include/ -IGenerated_Source\PSoC6\pdl\rtos/FreeRTOS/10.0.1/Source/portable/GCC/CM4F/ -IGenerated_Source\PSoC6\pdl\utilities/ -Wa,-alh=.\CortexM4\ARM_GCC_541\Debug/Si7021.lst -g -D DEBUG -D CY_CORE_ID=0 -D CY_PSOC_CREATOR_USED=1 -D CY8C6347BZI_BLD53 -Wall -ffunction-sections -ffat-lto-objects -O0 -c Si7021.c -o .\CortexM4\ARM_GCC_541\Debug\Si7021.o
Si7021.c: In function 'Si7021Task':
Si7021.c:160:11: warning: unused variable 'humidity' [-Wunused-variable]
     float humidity;
           ^
Si7021.c:159:11: warning: unused variable 'temperature' [-Wunused-variable]
     float temperature;
           ^
Si7021.c:158:14: warning: unused variable 'hum' [-Wunused-variable]
     uint16_t hum;
              ^
Si7021.c:157:14: warning: unused variable 'temp' [-Wunused-variable]
     uint16_t temp;
              ^
In file included from serial.h:24:0,
                 from i2c.h:25,
                 from Si7021.c:23:
Si7021.c: At top level:
analog.h:40:20: warning: 'result' defined but not used [-Wunused-variable]
     static int16_t result;
                    ^
analog.h:41:20: warning: 'dataReady' defined but not used [-Wunused-variable]
     static uint8_t dataReady;
                    ^
In file included from i2c.h:25:0,
                 from Si7021.c:23:
serial.h:49:17: warning: 'sending' defined but not used [-Wunused-variable]
     static bool sending = false;
                 ^
In file included from Si7021.c:23:0:
i2c.h:58:17: warning: 'HandleError' declared 'static' but never defined [-Wunused-function]
     static void HandleError(void);
                 ^
arm-none-eabi-gcc.exe -mcpu=cortex-m4 -mfloat-abi=softfp -mfpu=fpv4-sp-d16 -mthumb -I. -IGenerated_Source\PSoC6 -IGenerated_Source\PSoC6\pdl\cmsis/include/ -IGenerated_Source\PSoC6\pdl\devices/psoc6/include/ -IGenerated_Source\PSoC6\pdl\devices/psoc6/include/ip/ -IGenerated_Source\PSoC6\pdl\drivers/peripheral/ -IGenerated_Source\PSoC6\pdl\drivers/peripheral/device/ -IGenerated_Source\PSoC6\pdl\drivers/peripheral/dma/ -IGenerated_Source\PSoC6\pdl\drivers/peripheral/efuse/ -IGenerated_Source\PSoC6\pdl\drivers/peripheral/flash/ -IGenerated_Source\PSoC6\pdl\drivers/peripheral/gpio/ -IGenerated_Source\PSoC6\pdl\drivers/peripheral/ipc/ -IGenerated_Source\PSoC6\pdl\drivers/peripheral/lvd/ -IGenerated_Source\PSoC6\pdl\drivers/peripheral/profile/ -IGenerated_Source\PSoC6\pdl\drivers/peripheral/prot/ -IGenerated_Source\PSoC6\pdl\drivers/peripheral/sar/ -IGenerated_Source\PSoC6\pdl\drivers/peripheral/scb/ -IGenerated_Source\PSoC6\pdl\drivers/peripheral/sysanalog/ -IGenerated_Source\PSoC6\pdl\drivers/peripheral/sysclk/ -IGenerated_Source\PSoC6\pdl\drivers/peripheral/sysint/ -IGenerated_Source\PSoC6\pdl\drivers/peripheral/syslib/ -IGenerated_Source\PSoC6\pdl\drivers/peripheral/syspm/ -IGenerated_Source\PSoC6\pdl\drivers/peripheral/systick/ -IGenerated_Source\PSoC6\pdl\drivers/peripheral/tcpwm/ -IGenerated_Source\PSoC6\pdl\drivers/peripheral/trigmux/ -IGenerated_Source\PSoC6\pdl\drivers/peripheral/wdt/ -IGenerated_Source\PSoC6\pdl\middleware/ -IGenerated_Source\PSoC6\pdl\rtos/FreeRTOS/10.0.1/Source/include/ -IGenerated_Source\PSoC6\pdl\rtos/FreeRTOS/10.0.1/Source/portable/GCC/CM4F/ -IGenerated_Source\PSoC6\pdl\utilities/ -Wa,-alh=.\CortexM4\ARM_GCC_541\Debug/UARTDMA.lst -g -D DEBUG -D CY_CORE_ID=0 -D CY_PSOC_CREATOR_USED=1 -D CY8C6347BZI_BLD53 -Wall -ffunction-sections -ffat-lto-objects -O0 -c Generated_Source\PSoC6\UARTDMA.c -o .\CortexM4\ARM_GCC_541\Debug\UARTDMA.o
arm-none-eabi-gcc.exe -Wl,--start-group -o "C:\Users\stijn\Dropbox\Work\PhD\Projects\PSoC Creator\Data Acquisition\IoT_Generic_DAQ.cydsn\CortexM4\ARM_GCC_541\Debug\IoT_Generic_DAQ_link.elf" .\CortexM4\ARM_GCC_541\Debug\startup_psoc6_01_cm4.o .\CortexM4\ARM_GCC_541\Debug\main_cm4.o .\CortexM4\ARM_GCC_541\Debug\system_psoc6_cm4.o .\CortexM4\ARM_GCC_541\Debug\LSM303DLHC.o .\CortexM4\ARM_GCC_541\Debug\wait.o .\CortexM4\ARM_GCC_541\Debug\i2c.o .\CortexM4\ARM_GCC_541\Debug\blink.o .\CortexM4\ARM_GCC_541\Debug\analog.o .\CortexM4\ARM_GCC_541\Debug\serial.o .\CortexM4\ARM_GCC_541\Debug\Si7021.o .\CortexM4\ARM_GCC_541\Debug\stdio_user.o .\CortexM4\ARM_GCC_541\Debug\cyfitter_sysint_cfg.o .\CortexM4\ARM_GCC_541\Debug\cymetadata.o .\CortexM4\ARM_GCC_541\Debug\cy_efuse.o .\CortexM4\ARM_GCC_541\Debug\cy_flash.o .\CortexM4\ARM_GCC_541\Debug\cy_gpio.o .\CortexM4\ARM_GCC_541\Debug\cy_ipc_drv.o .\CortexM4\ARM_GCC_541\Debug\cy_ipc_sema.o .\CortexM4\ARM_GCC_541\Debug\cy_ipc_pipe.o .\CortexM4\ARM_GCC_541\Debug\cy_lvd.o .\CortexM4\ARM_GCC_541\Debug\cy_profile.o .\CortexM4\ARM_GCC_541\Debug\cy_prot.o .\CortexM4\ARM_GCC_541\Debug\cy_sysanalog.o .\CortexM4\ARM_GCC_541\Debug\cy_sysclk.o .\CortexM4\ARM_GCC_541\Debug\cy_sysint.o .\CortexM4\ARM_GCC_541\Debug\cy_syslib.o .\CortexM4\ARM_GCC_541\Debug\cy_syslib_gcc.o .\CortexM4\ARM_GCC_541\Debug\cy_syspm.o .\CortexM4\ARM_GCC_541\Debug\cy_systick.o .\CortexM4\ARM_GCC_541\Debug\cy_trigmux.o .\CortexM4\ARM_GCC_541\Debug\cy_wdt.o .\CortexM4\ARM_GCC_541\Debug\cy_device.o .\CortexM4\ARM_GCC_541\Debug\cy_sar.o .\CortexM4\ARM_GCC_541\Debug\cy_scb_common.o .\CortexM4\ARM_GCC_541\Debug\cy_scb_i2c.o .\CortexM4\ARM_GCC_541\Debug\cy_scb_ezi2c.o .\CortexM4\ARM_GCC_541\Debug\cy_scb_spi.o .\CortexM4\ARM_GCC_541\Debug\cy_scb_uart.o .\CortexM4\ARM_GCC_541\Debug\cy_dma.o .\CortexM4\ARM_GCC_541\Debug\cy_tcpwm_counter.o .\CortexM4\ARM_GCC_541\Debug\cy_tcpwm_pwm.o .\CortexM4\ARM_GCC_541\Debug\cy_tcpwm_quaddec.o .\CortexM4\ARM_GCC_541\Debug\cy_ble_clk.o .\CortexM4\ARM_GCC_541\Debug\croutine.o .\CortexM4\ARM_GCC_541\Debug\event_groups.o .\CortexM4\ARM_GCC_541\Debug\list.o .\CortexM4\ARM_GCC_541\Debug\queue.o .\CortexM4\ARM_GCC_541\Debug\tasks.o .\CortexM4\ARM_GCC_541\Debug\timers.o .\CortexM4\ARM_GCC_541\Debug\stream_buffer.o .\CortexM4\ARM_GCC_541\Debug\port.o .\CortexM4\ARM_GCC_541\Debug\heap_1.o .\CortexM4\ARM_GCC_541\Debug\retarget.o .\CortexM4\ARM_GCC_541\Debug\ADC.o .\CortexM4\ARM_GCC_541\Debug\ADC_INT.o .\CortexM4\ARM_GCC_541\Debug\ADC_INIT.o .\CortexM4\ARM_GCC_541\Debug\ADC_PM.o .\CortexM4\ARM_GCC_541\Debug\UART.o .\CortexM4\ARM_GCC_541\Debug\mI2C.o .\CortexM4\ARM_GCC_541\Debug\cyfitter_amux.o .\CortexM4\ARM_GCC_541\Debug\ADCSOCCounter.o .\CortexM4\ARM_GCC_541\Debug\ADCDMA_0.o .\CortexM4\ARM_GCC_541\Debug\ADCDMA_1.o .\CortexM4\ARM_GCC_541\Debug\ADCDMA_2.o .\CortexM4\ARM_GCC_541\Debug\ADCDMA_3.o .\CortexM4\ARM_GCC_541\Debug\UARTDMA.o .\CortexM4\ARM_GCC_541\Debug\T1.o .\CortexM4\ARM_GCC_541\Debug\T0.o .\CortexM4\ARM_GCC_541\Debug\T3.o .\CortexM4\ARM_GCC_541\Debug\T2.o .\CortexM4\ARM_GCC_541\Debug\I2CDMA.o -mcpu=cortex-m4 -mfloat-abi=softfp -mfpu=fpv4-sp-d16 -mthumb -l m -L Generated_Source\PSoC6 -Wl,-Map,.\CortexM4\ARM_GCC_541\Debug/IoT_Generic_DAQ.map -T cy8c6xx7_cm4_dual.ld -specs=nano.specs -Wl,--gc-sections -g -ffunction-sections -O0 -ffat-lto-objects -Wl,--end-group
"C:\Program Files (x86)\Cypress\PDL\3.1.0\tools\win\elf\cymcuelftool.exe" --sign "C:\Users\stijn\Dropbox\Work\PhD\Projects\PSoC Creator\Data Acquisition\IoT_Generic_DAQ.cydsn\CortexM4\ARM_GCC_541\Debug\IoT_Generic_DAQ_link.elf" --output "C:\Users\stijn\Dropbox\Work\PhD\Projects\PSoC Creator\Data Acquisition\IoT_Generic_DAQ.cydsn\CortexM4\ARM_GCC_541\Debug\IoT_Generic_DAQ_signed.elf" --hex "C:\Users\stijn\Dropbox\Work\PhD\Projects\PSoC Creator\Data Acquisition\IoT_Generic_DAQ.cydsn\CortexM4\ARM_GCC_541\Debug\IoT_Generic_DAQ_signed.hex"
No ELF section .cychecksum found, creating one
Application checksum calculated and stored in ELF section .cychecksum
Checksum calculated and stored in ELF section .cymeta
"C:\Program Files (x86)\Cypress\PDL\3.1.0\tools\win\elf\cymcuelftool.exe" --merge "C:\Users\stijn\Dropbox\Work\PhD\Projects\PSoC Creator\Data Acquisition\IoT_Generic_DAQ.cydsn\CortexM4\ARM_GCC_541\Debug\IoT_Generic_DAQ_signed.elf" "C:\Users\stijn\Dropbox\Work\PhD\Projects\PSoC Creator\Data Acquisition\IoT_Generic_DAQ.cydsn\CortexM0p\ARM_GCC_541\Debug\IoT_Generic_DAQ.elf" --output "C:\Users\stijn\Dropbox\Work\PhD\Projects\PSoC Creator\Data Acquisition\IoT_Generic_DAQ.cydsn\CortexM4\ARM_GCC_541\Debug\IoT_Generic_DAQ.elf" --hex "C:\Users\stijn\Dropbox\Work\PhD\Projects\PSoC Creator\Data Acquisition\IoT_Generic_DAQ.cydsn\CortexM4\ARM_GCC_541\Debug\IoT_Generic_DAQ.hex"
Application checksum calculated and stored in ELF section .cychecksum
Checksum calculated and stored in ELF section .cymeta
"C:\Program Files (x86)\Cypress\PDL\3.1.0\tools\win\elf\cymcuelftool.exe" -A "C:\Users\stijn\Dropbox\Work\PhD\Projects\PSoC Creator\Data Acquisition\IoT_Generic_DAQ.cydsn\CortexM4\ARM_GCC_541\Debug\IoT_Generic_DAQ.elf"
code:61248	sram:37292
--------------- Build Succeeded: 01/29/2020 15:13:01 ---------------
