--------------- Build Started: 12/09/2019 10:08:50 Project: IoT_Generic_DAQ, Configuration: ARM GCC 5.4-2016-q2-update Debug ---------------
cydsfit.exe -.appdatapath "C:\Users\stijn\AppData\Local\Cypress Semiconductor\PSoC Creator\4.2" -.fdsnotice -.fdswarpdepfile=warp_dependencies.txt -.fdselabdepfile=elab_dependencies.txt -.fdsbldfile=generated_files.txt -.fdsreffile=referenced_files.txt -p "C:\Users\stijn\Dropbox\Work\PhD\Projects\PSoC Creator\Data Acquisition\IoT_Generic_DAQ.cydsn\IoT_Generic_DAQ.cyprj" -d CY8C6247BZI-D54 -s "C:\Users\stijn\Dropbox\Work\PhD\Projects\PSoC Creator\Data Acquisition\IoT_Generic_DAQ.cydsn\Generated_Source\PSoC6" -- -yv2 -q10 -ygs -o2 -v3 -.fftcfgtype=LE
Elaborating Design...
HDL Generation...
Synthesis...
Tech Mapping...
Info: plm.M0038: The pin named CY_CPUSS_SWJ_SWCLK_TCLK(0) at location P6[7] prevents usage of special purposes: TCPWM[3].line_compl. (App=cydsfit)
Info: plm.M0038: The pin named CY_CPUSS_SWJ_SWCLK_TCLK(0) at location P6[7] prevents usage of special purposes: TCPWM[19].line_compl. (App=cydsfit)
Info: plm.M0038: The pin named CY_CPUSS_SWJ_SWCLK_TCLK(0) at location P6[7] prevents usage of special purposes: SCB[6].uart_cts. (App=cydsfit)
Info: plm.M0038: The pin named CY_CPUSS_SWJ_SWCLK_TCLK(0) at location P6[7] prevents usage of special purposes: SCB[6].spi_select[0]. (App=cydsfit)
Info: plm.M0038: The pin named CY_CPUSS_SWJ_SWCLK_TCLK(0) at location P6[7] prevents usage of special purposes: SCB[8].spi_select[0]. (App=cydsfit)
Info: plm.M0038: The pin named CY_CPUSS_SWJ_SWDIO_TMS(0) at location P6[6] prevents usage of special purposes: TCPWM[3].line. (App=cydsfit)
Info: plm.M0038: The pin named CY_CPUSS_SWJ_SWDIO_TMS(0) at location P6[6] prevents usage of special purposes: TCPWM[19].line. (App=cydsfit)
Info: plm.M0038: The pin named CY_CPUSS_SWJ_SWDIO_TMS(0) at location P6[6] prevents usage of special purposes: SCB[6].uart_rts. (App=cydsfit)
Info: plm.M0038: The pin named CY_CPUSS_SWJ_SWDIO_TMS(0) at location P6[6] prevents usage of special purposes: SCB[6].spi_clk. (App=cydsfit)
Info: plm.M0038: The pin named CY_CPUSS_SWJ_SWDIO_TMS(0) at location P6[6] prevents usage of special purposes: SCB[8].spi_clk. (App=cydsfit)
Analog Placement...
Analog Routing...
Analog Code Generation...
Digital Placement...
Digital Routing...
Bitstream Generation...
Bitstream Verification...
Static timing analysis...
Warning: sta.M0021: IoT_Generic_DAQ_timing.html: Warning-1350: Asynchronous path(s) exist from "SRClk_App" to "CyClk_Peri". See the timing report for details. (File=C:\Users\stijn\Dropbox\Work\PhD\Projects\PSoC Creator\Data Acquisition\IoT_Generic_DAQ.cydsn\IoT_Generic_DAQ_timing.html)
API Generation...
Dependency Generation...
Cleanup...
The compile step is up to date, no work needs to be done.
arm-none-eabi-gcc.exe -Wl,--start-group -o "C:\Users\stijn\Dropbox\Work\PhD\Projects\PSoC Creator\Data Acquisition\IoT_Generic_DAQ.cydsn\CortexM0p\ARM_GCC_541\Debug\IoT_Generic_DAQ_link.elf" .\CortexM0p\ARM_GCC_541\Debug\startup_psoc6_01_cm0plus.o .\CortexM0p\ARM_GCC_541\Debug\main_cm0p.o .\CortexM0p\ARM_GCC_541\Debug\system_psoc6_cm0plus.o .\CortexM0p\ARM_GCC_541\Debug\stdio_user.o .\CortexM0p\ARM_GCC_541\Debug\cyfitter_sysint_cfg.o .\CortexM0p\ARM_GCC_541\Debug\cyfitter_cfg.o .\CortexM0p\ARM_GCC_541\Debug\cymetadata.o .\CortexM0p\ARM_GCC_541\Debug\cy_efuse.o .\CortexM0p\ARM_GCC_541\Debug\cy_flash.o .\CortexM0p\ARM_GCC_541\Debug\cy_gpio.o .\CortexM0p\ARM_GCC_541\Debug\cy_ipc_drv.o .\CortexM0p\ARM_GCC_541\Debug\cy_ipc_sema.o .\CortexM0p\ARM_GCC_541\Debug\cy_ipc_pipe.o .\CortexM0p\ARM_GCC_541\Debug\cy_lvd.o .\CortexM0p\ARM_GCC_541\Debug\cy_profile.o .\CortexM0p\ARM_GCC_541\Debug\cy_prot.o .\CortexM0p\ARM_GCC_541\Debug\cy_sysanalog.o .\CortexM0p\ARM_GCC_541\Debug\cy_sysclk.o .\CortexM0p\ARM_GCC_541\Debug\cy_sysint.o .\CortexM0p\ARM_GCC_541\Debug\cy_syslib.o .\CortexM0p\ARM_GCC_541\Debug\cy_syslib_gcc.o .\CortexM0p\ARM_GCC_541\Debug\cy_syspm.o .\CortexM0p\ARM_GCC_541\Debug\cy_systick.o .\CortexM0p\ARM_GCC_541\Debug\cy_trigmux.o .\CortexM0p\ARM_GCC_541\Debug\cy_wdt.o .\CortexM0p\ARM_GCC_541\Debug\cy_device.o .\CortexM0p\ARM_GCC_541\Debug\cy_sar.o .\CortexM0p\ARM_GCC_541\Debug\cy_scb_common.o .\CortexM0p\ARM_GCC_541\Debug\cy_scb_i2c.o .\CortexM0p\ARM_GCC_541\Debug\cy_scb_ezi2c.o .\CortexM0p\ARM_GCC_541\Debug\cy_scb_spi.o .\CortexM0p\ARM_GCC_541\Debug\cy_scb_uart.o .\CortexM0p\ARM_GCC_541\Debug\cy_dma.o .\CortexM0p\ARM_GCC_541\Debug\cy_tcpwm_counter.o .\CortexM0p\ARM_GCC_541\Debug\cy_tcpwm_pwm.o .\CortexM0p\ARM_GCC_541\Debug\cy_tcpwm_quaddec.o .\CortexM0p\ARM_GCC_541\Debug\retarget.o .\CortexM0p\ARM_GCC_541\Debug\ADC.o .\CortexM0p\ARM_GCC_541\Debug\ADC_INT.o .\CortexM0p\ARM_GCC_541\Debug\ADC_INIT.o .\CortexM0p\ARM_GCC_541\Debug\ADC_PM.o .\CortexM0p\ARM_GCC_541\Debug\UART.o .\CortexM0p\ARM_GCC_541\Debug\mI2C.o .\CortexM0p\ARM_GCC_541\Debug\cyfitter_amux.o .\CortexM0p\ARM_GCC_541\Debug\ADCSOCCounter.o .\CortexM0p\ARM_GCC_541\Debug\ADCDMA_0.o .\CortexM0p\ARM_GCC_541\Debug\ADCDMA_1.o .\CortexM0p\ARM_GCC_541\Debug\ADCDMA_2.o .\CortexM0p\ARM_GCC_541\Debug\ADCDMA_3.o .\CortexM0p\ARM_GCC_541\Debug\UARTDMA.o .\CortexM0p\ARM_GCC_541\Debug\T1.o .\CortexM0p\ARM_GCC_541\Debug\T0.o .\CortexM0p\ARM_GCC_541\Debug\T3.o .\CortexM0p\ARM_GCC_541\Debug\T2.o .\CortexM0p\ARM_GCC_541\Debug\I2CDMA.o -mcpu=cortex-m0plus -mthumb -L Generated_Source\PSoC6 -Wl,-Map,.\CortexM0p\ARM_GCC_541\Debug/IoT_Generic_DAQ.map -T cy8c6xx7_cm0plus.ld -specs=nano.specs -Wl,--gc-sections -g -ffunction-sections -Og -ffat-lto-objects -Wl,--end-group
"C:\Program Files (x86)\Cypress\PDL\3.1.0\tools\win\elf\cymcuelftool.exe" --sign "C:\Users\stijn\Dropbox\Work\PhD\Projects\PSoC Creator\Data Acquisition\IoT_Generic_DAQ.cydsn\CortexM0p\ARM_GCC_541\Debug\IoT_Generic_DAQ_link.elf" --output "C:\Users\stijn\Dropbox\Work\PhD\Projects\PSoC Creator\Data Acquisition\IoT_Generic_DAQ.cydsn\CortexM0p\ARM_GCC_541\Debug\IoT_Generic_DAQ.elf" --hex "C:\Users\stijn\Dropbox\Work\PhD\Projects\PSoC Creator\Data Acquisition\IoT_Generic_DAQ.cydsn\CortexM0p\ARM_GCC_541\Debug\IoT_Generic_DAQ.hex"
No ELF section .cychecksum found, creating one
Application checksum calculated and stored in ELF section .cychecksum
Checksum calculated and stored in ELF section .cymeta
The compile step is up to date, no work needs to be done.
arm-none-eabi-gcc.exe -Wl,--start-group -o "C:\Users\stijn\Dropbox\Work\PhD\Projects\PSoC Creator\Data Acquisition\IoT_Generic_DAQ.cydsn\CortexM4\ARM_GCC_541\Debug\IoT_Generic_DAQ_link.elf" .\CortexM4\ARM_GCC_541\Debug\startup_psoc6_01_cm4.o .\CortexM4\ARM_GCC_541\Debug\main_cm4.o .\CortexM4\ARM_GCC_541\Debug\system_psoc6_cm4.o .\CortexM4\ARM_GCC_541\Debug\LSM303DLHC.o .\CortexM4\ARM_GCC_541\Debug\wait.o .\CortexM4\ARM_GCC_541\Debug\i2c.o .\CortexM4\ARM_GCC_541\Debug\blink.o .\CortexM4\ARM_GCC_541\Debug\analog.o .\CortexM4\ARM_GCC_541\Debug\serial.o .\CortexM4\ARM_GCC_541\Debug\Si7021.o .\CortexM4\ARM_GCC_541\Debug\stdio_user.o .\CortexM4\ARM_GCC_541\Debug\cyfitter_sysint_cfg.o .\CortexM4\ARM_GCC_541\Debug\cymetadata.o .\CortexM4\ARM_GCC_541\Debug\cy_efuse.o .\CortexM4\ARM_GCC_541\Debug\cy_flash.o .\CortexM4\ARM_GCC_541\Debug\cy_gpio.o .\CortexM4\ARM_GCC_541\Debug\cy_ipc_drv.o .\CortexM4\ARM_GCC_541\Debug\cy_ipc_sema.o .\CortexM4\ARM_GCC_541\Debug\cy_ipc_pipe.o .\CortexM4\ARM_GCC_541\Debug\cy_lvd.o .\CortexM4\ARM_GCC_541\Debug\cy_profile.o .\CortexM4\ARM_GCC_541\Debug\cy_prot.o .\CortexM4\ARM_GCC_541\Debug\cy_sysanalog.o .\CortexM4\ARM_GCC_541\Debug\cy_sysclk.o .\CortexM4\ARM_GCC_541\Debug\cy_sysint.o .\CortexM4\ARM_GCC_541\Debug\cy_syslib.o .\CortexM4\ARM_GCC_541\Debug\cy_syslib_gcc.o .\CortexM4\ARM_GCC_541\Debug\cy_syspm.o .\CortexM4\ARM_GCC_541\Debug\cy_systick.o .\CortexM4\ARM_GCC_541\Debug\cy_trigmux.o .\CortexM4\ARM_GCC_541\Debug\cy_wdt.o .\CortexM4\ARM_GCC_541\Debug\cy_device.o .\CortexM4\ARM_GCC_541\Debug\cy_sar.o .\CortexM4\ARM_GCC_541\Debug\cy_scb_common.o .\CortexM4\ARM_GCC_541\Debug\cy_scb_i2c.o .\CortexM4\ARM_GCC_541\Debug\cy_scb_ezi2c.o .\CortexM4\ARM_GCC_541\Debug\cy_scb_spi.o .\CortexM4\ARM_GCC_541\Debug\cy_scb_uart.o .\CortexM4\ARM_GCC_541\Debug\cy_dma.o .\CortexM4\ARM_GCC_541\Debug\cy_tcpwm_counter.o .\CortexM4\ARM_GCC_541\Debug\cy_tcpwm_pwm.o .\CortexM4\ARM_GCC_541\Debug\cy_tcpwm_quaddec.o .\CortexM4\ARM_GCC_541\Debug\croutine.o .\CortexM4\ARM_GCC_541\Debug\event_groups.o .\CortexM4\ARM_GCC_541\Debug\list.o .\CortexM4\ARM_GCC_541\Debug\queue.o .\CortexM4\ARM_GCC_541\Debug\tasks.o .\CortexM4\ARM_GCC_541\Debug\timers.o .\CortexM4\ARM_GCC_541\Debug\stream_buffer.o .\CortexM4\ARM_GCC_541\Debug\port.o .\CortexM4\ARM_GCC_541\Debug\heap_1.o .\CortexM4\ARM_GCC_541\Debug\retarget.o .\CortexM4\ARM_GCC_541\Debug\ADC.o .\CortexM4\ARM_GCC_541\Debug\ADC_INT.o .\CortexM4\ARM_GCC_541\Debug\ADC_INIT.o .\CortexM4\ARM_GCC_541\Debug\ADC_PM.o .\CortexM4\ARM_GCC_541\Debug\UART.o .\CortexM4\ARM_GCC_541\Debug\mI2C.o .\CortexM4\ARM_GCC_541\Debug\cyfitter_amux.o .\CortexM4\ARM_GCC_541\Debug\ADCSOCCounter.o .\CortexM4\ARM_GCC_541\Debug\ADCDMA_0.o .\CortexM4\ARM_GCC_541\Debug\ADCDMA_1.o .\CortexM4\ARM_GCC_541\Debug\ADCDMA_2.o .\CortexM4\ARM_GCC_541\Debug\ADCDMA_3.o .\CortexM4\ARM_GCC_541\Debug\UARTDMA.o .\CortexM4\ARM_GCC_541\Debug\T1.o .\CortexM4\ARM_GCC_541\Debug\T0.o .\CortexM4\ARM_GCC_541\Debug\T3.o .\CortexM4\ARM_GCC_541\Debug\T2.o .\CortexM4\ARM_GCC_541\Debug\I2CDMA.o -mcpu=cortex-m4 -mfloat-abi=softfp -mfpu=fpv4-sp-d16 -mthumb -l m -L Generated_Source\PSoC6 -Wl,-Map,.\CortexM4\ARM_GCC_541\Debug/IoT_Generic_DAQ.map -T cy8c6xx7_cm4_dual.ld -specs=nano.specs -Wl,--gc-sections -g -ffunction-sections -O0 -ffat-lto-objects -Wl,--end-group
"C:\Program Files (x86)\Cypress\PDL\3.1.0\tools\win\elf\cymcuelftool.exe" --sign "C:\Users\stijn\Dropbox\Work\PhD\Projects\PSoC Creator\Data Acquisition\IoT_Generic_DAQ.cydsn\CortexM4\ARM_GCC_541\Debug\IoT_Generic_DAQ_link.elf" --output "C:\Users\stijn\Dropbox\Work\PhD\Projects\PSoC Creator\Data Acquisition\IoT_Generic_DAQ.cydsn\CortexM4\ARM_GCC_541\Debug\IoT_Generic_DAQ_signed.elf" --hex "C:\Users\stijn\Dropbox\Work\PhD\Projects\PSoC Creator\Data Acquisition\IoT_Generic_DAQ.cydsn\CortexM4\ARM_GCC_541\Debug\IoT_Generic_DAQ_signed.hex"
No ELF section .cychecksum found, creating one
Application checksum calculated and stored in ELF section .cychecksum
Checksum calculated and stored in ELF section .cymeta
"C:\Program Files (x86)\Cypress\PDL\3.1.0\tools\win\elf\cymcuelftool.exe" --merge "C:\Users\stijn\Dropbox\Work\PhD\Projects\PSoC Creator\Data Acquisition\IoT_Generic_DAQ.cydsn\CortexM4\ARM_GCC_541\Debug\IoT_Generic_DAQ_signed.elf" "C:\Users\stijn\Dropbox\Work\PhD\Projects\PSoC Creator\Data Acquisition\IoT_Generic_DAQ.cydsn\CortexM0p\ARM_GCC_541\Debug\IoT_Generic_DAQ.elf" --output "C:\Users\stijn\Dropbox\Work\PhD\Projects\PSoC Creator\Data Acquisition\IoT_Generic_DAQ.cydsn\CortexM4\ARM_GCC_541\Debug\IoT_Generic_DAQ.elf" --hex "C:\Users\stijn\Dropbox\Work\PhD\Projects\PSoC Creator\Data Acquisition\IoT_Generic_DAQ.cydsn\CortexM4\ARM_GCC_541\Debug\IoT_Generic_DAQ.hex"
Application checksum calculated and stored in ELF section .cychecksum
Checksum calculated and stored in ELF section .cymeta
"C:\Program Files (x86)\Cypress\PDL\3.1.0\tools\win\elf\cymcuelftool.exe" -A "C:\Users\stijn\Dropbox\Work\PhD\Projects\PSoC Creator\Data Acquisition\IoT_Generic_DAQ.cydsn\CortexM4\ARM_GCC_541\Debug\IoT_Generic_DAQ.elf"
code:57456	sram:37132
--------------- Build Succeeded: 12/09/2019 10:09:57 ---------------
